#
# There is insufficient memory for the Java Runtime Environment to continue.
# Native memory allocation (malloc) failed to allocate 1262992 bytes for Chunk::new
# Possible reasons:
#   The system is out of physical RAM or swap space
#   The process is running with CompressedOops enabled, and the Java Heap may be blocking the growth of the native heap
# Possible solutions:
#   Reduce memory load on the system
#   Increase physical memory or swap space
#   Check if swap backing store is full
#   Decrease Java heap size (-Xmx/-Xms)
#   Decrease number of Java threads
#   Decrease Java thread stack sizes (-Xss)
#   Set larger code cache with -XX:ReservedCodeCacheSize=
#   JVM is running with Unscaled Compressed Oops mode in which the Java heap is
#     placed in the first 4GB address space. The Java Heap base address is the
#     maximum limit for the native heap growth. Please use -XX:HeapBaseMinAddress
#     to set the Java Heap base and to place the Java Heap above 4GB virtual address.
# This output file may be truncated or incomplete.
#
#  Out of Memory Error (arena.cpp:191), pid=20512, tid=16356
#
# JRE version: OpenJDK Runtime Environment Temurin-17.0.10+7 (17.0.10+7) (build 17.0.10+7)
# Java VM: OpenJDK 64-Bit Server VM Temurin-17.0.10+7 (17.0.10+7, mixed mode, tiered, compressed oops, compressed class ptrs, parallel gc, windows-amd64)
# No core dump will be written. Minidumps are not enabled by default on client versions of Windows
#

---------------  S U M M A R Y ------------

Command Line: --add-modules=ALL-SYSTEM --add-opens=java.base/java.util=ALL-UNNAMED --add-opens=java.base/java.lang=ALL-UNNAMED --add-opens=java.base/sun.nio.fs=ALL-UNNAMED -Declipse.application=org.eclipse.jdt.ls.core.id1 -Dosgi.bundles.defaultStartLevel=4 -Declipse.product=org.eclipse.jdt.ls.core.product -Djava.import.generatesMetadataFilesAtProjectRoot=false -DDetectVMInstallationsJob.disabled=true -Dfile.encoding=utf8 -XX:+UseParallelGC -XX:GCTimeRatio=4 -XX:AdaptiveSizePolicyWeight=90 -Dsun.zip.disableMemoryMapping=true -Xmx1G -Xms100m -Xlog:disable -javaagent:c:\Users\pavel\.vscode\extensions\redhat.java-1.27.0-win32-x64\lombok\lombok-1.18.31.jar -XX:+HeapDumpOnOutOfMemoryError -XX:HeapDumpPath=c:\Users\pavel\AppData\Roaming\Code\User\workspaceStorage\14819accb8c3994c98dd72497a410878\redhat.java -Daether.dependencyCollector.impl=bf c:\Users\pavel\.vscode\extensions\redhat.java-1.27.0-win32-x64\server\plugins\org.eclipse.equinox.launcher_1.6.700.v20231214-2017.jar -configuration c:\Users\pavel\AppData\Roaming\Code\User\globalStorage\redhat.java\1.27.0\config_win -data c:\Users\pavel\AppData\Roaming\Code\User\workspaceStorage\14819accb8c3994c98dd72497a410878\redhat.java\jdt_ws --stdio

Host: 11th Gen Intel(R) Core(TM) i3-1115G4 @ 3.00GHz, 4 cores, 7G,  Windows 11 , 64 bit Build 22621 (10.0.22621.2506)
Time: Fri Feb  9 23:28:50 2024 RTZ 2 (s 11 , 64 bit Build 22621 (10.0.22621.2506) elapsed time: 13.184872 seconds (0d 0h 0m 13s)

---------------  T H R E A D  ---------------

Current thread (0x0000020e3221e870):  JavaThread "C2 CompilerThread0" daemon [_thread_in_native, id=16356, stack(0x000000565f900000,0x000000565fa00000)]


Current CompileTask:
C2:  13184 4384   !   4       org.eclipse.osgi.internal.loader.BundleLoader::findClass0 (470 bytes)

Stack: [0x000000565f900000,0x000000565fa00000]
Native frames: (J=compiled Java code, j=interpreted, Vv=VM code, C=native code)
V  [jvm.dll+0x67d2c9]
V  [jvm.dll+0x834afa]
V  [jvm.dll+0x8365be]
V  [jvm.dll+0x836c23]
V  [jvm.dll+0x2477ff]
V  [jvm.dll+0xac514]
V  [jvm.dll+0xacb5c]
V  [jvm.dll+0x3667d7]
V  [jvm.dll+0x1bcd86]
V  [jvm.dll+0x21a049]
V  [jvm.dll+0x219311]
V  [jvm.dll+0x1a502d]
V  [jvm.dll+0x2290de]
V  [jvm.dll+0x2272ac]
V  [jvm.dll+0x7e9bb7]
V  [jvm.dll+0x7e3fba]
V  [jvm.dll+0x67c1b5]
C  [ucrtbase.dll+0x29363]
C  [KERNEL32.DLL+0x1257d]
C  [ntdll.dll+0x5aa58]


---------------  P R O C E S S  ---------------

Threads class SMR info:
_java_thread_list=0x0000020e4d86c620, length=29, elements={
0x0000020e32171d50, 0x0000020e45fb6020, 0x0000020e45fb7090, 0x0000020e3221bc00,
0x0000020e3221c5d0, 0x0000020e3221d0a0, 0x0000020e3221db70, 0x0000020e3221e870,
0x0000020e4b17ef50, 0x0000020e4b184c40, 0x0000020e321d2230, 0x0000020e4b4ddf20,
0x0000020e4b818a50, 0x0000020e4b818f60, 0x0000020e4b817b20, 0x0000020e4b819470,
0x0000020e4b819980, 0x0000020e4b818540, 0x0000020e4b819e90, 0x0000020e4b81a3a0,
0x0000020e4b81a8b0, 0x0000020e4b3ed150, 0x0000020e4b81adc0, 0x0000020e4c6e2b80,
0x0000020e4c6e1740, 0x0000020e4c6e0810, 0x0000020e4c6e3090, 0x0000020e4c6e2670,
0x0000020e4c6e0d20
}

Java Threads: ( => current thread )
  0x0000020e32171d50 JavaThread "main" [_thread_blocked, id=3304, stack(0x000000565f000000,0x000000565f100000)]
  0x0000020e45fb6020 JavaThread "Reference Handler" daemon [_thread_blocked, id=19740, stack(0x000000565f300000,0x000000565f400000)]
  0x0000020e45fb7090 JavaThread "Finalizer" daemon [_thread_blocked, id=20116, stack(0x000000565f400000,0x000000565f500000)]
  0x0000020e3221bc00 JavaThread "Signal Dispatcher" daemon [_thread_blocked, id=11808, stack(0x000000565f500000,0x000000565f600000)]
  0x0000020e3221c5d0 JavaThread "Attach Listener" daemon [_thread_blocked, id=12292, stack(0x000000565f600000,0x000000565f700000)]
  0x0000020e3221d0a0 JavaThread "Service Thread" daemon [_thread_blocked, id=1516, stack(0x000000565f700000,0x000000565f800000)]
  0x0000020e3221db70 JavaThread "Monitor Deflation Thread" daemon [_thread_blocked, id=18392, stack(0x000000565f800000,0x000000565f900000)]
=>0x0000020e3221e870 JavaThread "C2 CompilerThread0" daemon [_thread_in_native, id=16356, stack(0x000000565f900000,0x000000565fa00000)]
  0x0000020e4b17ef50 JavaThread "C1 CompilerThread0" daemon [_thread_blocked, id=18124, stack(0x000000565fa00000,0x000000565fb00000)]
  0x0000020e4b184c40 JavaThread "Sweeper thread" daemon [_thread_blocked, id=6468, stack(0x000000565fb00000,0x000000565fc00000)]
  0x0000020e321d2230 JavaThread "Common-Cleaner" daemon [_thread_blocked, id=18636, stack(0x000000565fc00000,0x000000565fd00000)]
  0x0000020e4b4ddf20 JavaThread "Notification Thread" daemon [_thread_blocked, id=9312, stack(0x000000565fd00000,0x000000565fe00000)]
  0x0000020e4b818a50 JavaThread "Active Thread: Equinox Container: bc5c9067-ecec-4a1d-85c6-c53092f8fc34" [_thread_blocked, id=16980, stack(0x0000005660300000,0x0000005660400000)]
  0x0000020e4b818f60 JavaThread "Framework Event Dispatcher: Equinox Container: bc5c9067-ecec-4a1d-85c6-c53092f8fc34" daemon [_thread_blocked, id=20856, stack(0x000000565ff00000,0x0000005660000000)]
  0x0000020e4b817b20 JavaThread "Start Level: Equinox Container: bc5c9067-ecec-4a1d-85c6-c53092f8fc34" daemon [_thread_blocked, id=19868, stack(0x0000005660400000,0x0000005660500000)]
  0x0000020e4b819470 JavaThread "Bundle File Closer" daemon [_thread_blocked, id=20080, stack(0x0000005660500000,0x0000005660600000)]
  0x0000020e4b819980 JavaThread "SCR Component Actor" daemon [_thread_blocked, id=13780, stack(0x0000005660600000,0x0000005660700000)]
  0x0000020e4b818540 JavaThread "SCR Component Registry" daemon [_thread_blocked, id=19932, stack(0x0000005660700000,0x0000005660800000)]
  0x0000020e4b819e90 JavaThread "Worker-JM" [_thread_blocked, id=14820, stack(0x0000005660800000,0x0000005660900000)]
  0x0000020e4b81a3a0 JavaThread "Worker-0: Repository registry initialization" [_thread_in_vm, id=1384, stack(0x0000005660900000,0x0000005660a00000)]
  0x0000020e4b81a8b0 JavaThread "Worker-1: Updating Maven Dependencies" [_thread_blocked, id=8872, stack(0x0000005660a00000,0x0000005660b00000)]
  0x0000020e4b3ed150 JavaThread "C2 CompilerThread1" daemon [_thread_in_native, id=9012, stack(0x0000005660b00000,0x0000005660c00000)]
  0x0000020e4b81adc0 JavaThread "Java indexing" daemon [_thread_blocked, id=17920, stack(0x0000005660c00000,0x0000005660d00000)]
  0x0000020e4c6e2b80 JavaThread "JNA Cleaner" daemon [_thread_blocked, id=8416, stack(0x0000005660d00000,0x0000005660e00000)]
  0x0000020e4c6e1740 JavaThread "pool-2-thread-1" [_thread_blocked, id=11792, stack(0x0000005660e00000,0x0000005660f00000)]
  0x0000020e4c6e0810 JavaThread "Worker-2" [_thread_blocked, id=20052, stack(0x0000005660f00000,0x0000005661000000)]
  0x0000020e4c6e3090 JavaThread "WorkspaceEventsHandler" [_thread_blocked, id=11400, stack(0x0000005661000000,0x0000005661100000)]
  0x0000020e4c6e2670 JavaThread "pool-1-thread-1" [_thread_blocked, id=4540, stack(0x0000005661100000,0x0000005661200000)]
  0x0000020e4c6e0d20 JavaThread "Worker-3" [_thread_blocked, id=2544, stack(0x0000005661200000,0x0000005661300000)]

Other Threads:
  0x0000020e32217d10 VMThread "VM Thread" [stack: 0x000000565f200000,0x000000565f300000] [id=14300]
  0x0000020e4b4de400 WatcherThread [stack: 0x000000565fe00000,0x000000565ff00000] [id=10532]
  0x0000020e321851d0 GCTaskThread "GC Thread#0" [stack: 0x000000565f100000,0x000000565f200000] [id=12992]
  0x0000020e4b748410 GCTaskThread "GC Thread#1" [stack: 0x0000005660000000,0x0000005660100000] [id=19152]
  0x0000020e4b7447e0 GCTaskThread "GC Thread#2" [stack: 0x0000005660100000,0x0000005660200000] [id=18760]
  0x0000020e4bd1e4a0 GCTaskThread "GC Thread#3" [stack: 0x0000005660200000,0x0000005660300000] [id=5816]

Threads with active compile tasks:
C2 CompilerThread0    13206 4384   !   4       org.eclipse.osgi.internal.loader.BundleLoader::findClass0 (470 bytes)
C2 CompilerThread1    13206 4375   !   4       org.eclipse.osgi.internal.loader.classpath.ClasspathManager::defineClass (636 bytes)

VM state: not at safepoint (normal execution)

VM Mutex/Monitor currently owned by a thread: None

Heap address: 0x00000000c0000000, size: 1024 MB, Compressed Oops mode: 32-bit

CDS archive(s) not mapped
Compressed class space mapped at: 0x0000000100000000-0x0000000140000000, reserved size: 1073741824
Narrow klass base: 0x0000000000000000, Narrow klass shift: 3, Narrow klass range: 0x140000000

GC Precious Log:
 CPUs: 4 total, 4 available
 Memory: 7991M
 Large Page Support: Disabled
 NUMA Support: Disabled
 Compressed Oops: Enabled (32-bit)
 Alignments: Space 512K, Generation 512K, Heap 2M
 Heap Min Capacity: 100M
 Heap Initial Capacity: 100M
 Heap Max Capacity: 1G
 Pre-touch: Disabled
 Parallel Workers: 4

Heap:
 PSYoungGen      total 23040K, used 3794K [0x00000000eab00000, 0x00000000ec680000, 0x0000000100000000)
  eden space 22016K, 12% used [0x00000000eab00000,0x00000000eadbcaf8,0x00000000ec080000)
  from space 1024K, 96% used [0x00000000ec580000,0x00000000ec678000,0x00000000ec680000)
  to   space 1536K, 0% used [0x00000000ec380000,0x00000000ec380000,0x00000000ec500000)
 ParOldGen       total 68608K, used 15792K [0x00000000c0000000, 0x00000000c4300000, 0x00000000eab00000)
  object space 68608K, 23% used [0x00000000c0000000,0x00000000c0f6c020,0x00000000c4300000)
 Metaspace       used 45449K, committed 46272K, reserved 1114112K
  class space    used 4842K, committed 5184K, reserved 1048576K

Card table byte_map: [0x0000020e31b10000,0x0000020e31d20000] _byte_map_base: 0x0000020e31510000

Marking Bits: (ParMarkBitMap*) 0x00007ffa2385d7d0
 Begin Bits: [0x0000020e43e00000, 0x0000020e44e00000)
 End Bits:   [0x0000020e44e00000, 0x0000020e45e00000)

Polling page: 0x0000020e30150000

Metaspace:

Usage:
  Non-class:     39.66 MB used.
      Class:      4.73 MB used.
       Both:     44.38 MB used.

Virtual space:
  Non-class space:       64.00 MB reserved,      40.12 MB ( 63%) committed,  1 nodes.
      Class space:        1.00 GB reserved,       5.06 MB ( <1%) committed,  1 nodes.
             Both:        1.06 GB reserved,      45.19 MB (  4%) committed. 

Chunk freelists:
   Non-Class:  7.31 MB
       Class:  10.81 MB
        Both:  18.12 MB

MaxMetaspaceSize: unlimited
CompressedClassSpaceSize: 1.00 GB
Initial GC threshold: 21.00 MB
Current GC threshold: 58.38 MB
CDS: off
MetaspaceReclaimPolicy: balanced
 - commit_granule_bytes: 65536.
 - commit_granule_words: 8192.
 - virtual_space_node_default_size: 8388608.
 - enlarge_chunks_in_place: 1.
 - new_chunks_are_fully_committed: 0.
 - uncommit_free_chunks: 1.
 - use_allocation_guard: 0.
 - handle_deallocations: 1.


Internal statistics:

num_allocs_failed_limit: 6.
num_arena_births: 428.
num_arena_deaths: 14.
num_vsnodes_births: 2.
num_vsnodes_deaths: 0.
num_space_committed: 723.
num_space_uncommitted: 0.
num_chunks_returned_to_freelist: 20.
num_chunks_taken_from_freelist: 1971.
num_chunk_merges: 11.
num_chunk_splits: 1291.
num_chunks_enlarged: 873.
num_inconsistent_stats: 0.

CodeHeap 'non-profiled nmethods': size=120000Kb used=2136Kb max_used=2136Kb free=117863Kb
 bounds [0x0000020e3c8d0000, 0x0000020e3cb40000, 0x0000020e43e00000]
CodeHeap 'profiled nmethods': size=120000Kb used=9448Kb max_used=9448Kb free=110551Kb
 bounds [0x0000020e34e00000, 0x0000020e35740000, 0x0000020e3c330000]
CodeHeap 'non-nmethods': size=5760Kb used=1282Kb max_used=1342Kb free=4477Kb
 bounds [0x0000020e3c330000, 0x0000020e3c5a0000, 0x0000020e3c8d0000]
 total_blobs=5106 nmethods=4507 adapters=512
 compilation: enabled
              stopped_count=0, restarted_count=0
 full_count=0

Compilation events (20 events):
Event: 13.164 Thread 0x0000020e4b17ef50 nmethod 4481 0x0000020e35722690 code [0x0000020e357229c0, 0x0000020e35723e38]
Event: 13.173 Thread 0x0000020e4b17ef50 4485       3       java.util.Spliterators$ArraySpliterator::forEachRemaining (68 bytes)
Event: 13.174 Thread 0x0000020e4b17ef50 nmethod 4485 0x0000020e35724690 code [0x0000020e35724860, 0x0000020e35724cd8]
Event: 13.176 Thread 0x0000020e4b17ef50 4486       3       java.util.Spliterators::checkFromToBounds (74 bytes)
Event: 13.177 Thread 0x0000020e4b17ef50 nmethod 4486 0x0000020e35724e90 code [0x0000020e35725140, 0x0000020e35725b88]
Event: 13.177 Thread 0x0000020e4b17ef50 4488       3       java.lang.reflect.Executable::synthesizeAllParams (58 bytes)
Event: 13.178 Thread 0x0000020e4b17ef50 nmethod 4488 0x0000020e35725f90 code [0x0000020e357261e0, 0x0000020e35726c38]
Event: 13.178 Thread 0x0000020e4b17ef50 4489       3       com.google.common.collect.Lists::newArrayList (8 bytes)
Event: 13.178 Thread 0x0000020e4b17ef50 nmethod 4489 0x0000020e35727010 code [0x0000020e357271c0, 0x0000020e35727498]
Event: 13.178 Thread 0x0000020e4b17ef50 4490       3       com.google.inject.spi.InjectionPoint$$Lambda$282/0x00000001004d1b70::test (8 bytes)
Event: 13.178 Thread 0x0000020e4b17ef50 nmethod 4490 0x0000020e35727610 code [0x0000020e35727820, 0x0000020e35727f98]
Event: 13.178 Thread 0x0000020e4b17ef50 4491       3       com.google.inject.spi.InjectionPoint::lambda$forConstructorOf$0 (26 bytes)
Event: 13.179 Thread 0x0000020e4b17ef50 nmethod 4491 0x0000020e35728190 code [0x0000020e35728460, 0x0000020e35729458]
Event: 13.179 Thread 0x0000020e4b17ef50 4493       3       com.google.inject.internal.AbstractBindingBuilder::in (28 bytes)
Event: 13.179 Thread 0x0000020e4b17ef50 nmethod 4493 0x0000020e35729890 code [0x0000020e35729ac0, 0x0000020e3572a4f8]
Event: 13.179 Thread 0x0000020e4b17ef50 4492       3       com.google.inject.internal.LinkedBindingImpl::<init> (14 bytes)
Event: 13.179 Thread 0x0000020e4b17ef50 nmethod 4492 0x0000020e3572a890 code [0x0000020e3572aa40, 0x0000020e3572ac78]
Event: 13.183 Thread 0x0000020e4b17ef50 4494       3       com.google.common.collect.ImmutableList::construct (8 bytes)
Event: 13.184 Thread 0x0000020e4b17ef50 nmethod 4494 0x0000020e3572ad90 code [0x0000020e3572af60, 0x0000020e3572b298]
Event: 13.184 Thread 0x0000020e4b17ef50 4496       3       com.google.inject.spi.Dependency::<init> (34 bytes)

GC Heap History (20 events):
Event: 11.157 GC heap before
{Heap before GC invocations=7 (full 1):
 PSYoungGen      total 29696K, used 25600K [0x00000000eab00000, 0x00000000ece00000, 0x0000000100000000)
  eden space 25600K, 100% used [0x00000000eab00000,0x00000000ec400000,0x00000000ec400000)
  from space 4096K, 0% used [0x00000000ec400000,0x00000000ec400000,0x00000000ec800000)
  to   space 5120K, 0% used [0x00000000ec900000,0x00000000ec900000,0x00000000ece00000)
 ParOldGen       total 68608K, used 10399K [0x00000000c0000000, 0x00000000c4300000, 0x00000000eab00000)
  object space 68608K, 15% used [0x00000000c0000000,0x00000000c0a27f10,0x00000000c4300000)
 Metaspace       used 24262K, committed 24832K, reserved 1114112K
  class space    used 2478K, committed 2688K, reserved 1048576K
}
Event: 11.159 GC heap after
{Heap after GC invocations=7 (full 1):
 PSYoungGen      total 26624K, used 1210K [0x00000000eab00000, 0x00000000eca80000, 0x0000000100000000)
  eden space 25088K, 0% used [0x00000000eab00000,0x00000000eab00000,0x00000000ec380000)
  from space 1536K, 78% used [0x00000000ec900000,0x00000000eca2e820,0x00000000eca80000)
  to   space 2560K, 0% used [0x00000000ec580000,0x00000000ec580000,0x00000000ec800000)
 ParOldGen       total 68608K, used 10407K [0x00000000c0000000, 0x00000000c4300000, 0x00000000eab00000)
  object space 68608K, 15% used [0x00000000c0000000,0x00000000c0a29f10,0x00000000c4300000)
 Metaspace       used 24262K, committed 24832K, reserved 1114112K
  class space    used 2478K, committed 2688K, reserved 1048576K
}
Event: 11.330 GC heap before
{Heap before GC invocations=8 (full 1):
 PSYoungGen      total 26624K, used 26298K [0x00000000eab00000, 0x00000000eca80000, 0x0000000100000000)
  eden space 25088K, 100% used [0x00000000eab00000,0x00000000ec380000,0x00000000ec380000)
  from space 1536K, 78% used [0x00000000ec900000,0x00000000eca2e820,0x00000000eca80000)
  to   space 2560K, 0% used [0x00000000ec580000,0x00000000ec580000,0x00000000ec800000)
 ParOldGen       total 68608K, used 10407K [0x00000000c0000000, 0x00000000c4300000, 0x00000000eab00000)
  object space 68608K, 15% used [0x00000000c0000000,0x00000000c0a29f10,0x00000000c4300000)
 Metaspace       used 27356K, committed 28032K, reserved 1114112K
  class space    used 2800K, committed 3072K, reserved 1048576K
}
Event: 11.333 GC heap after
{Heap after GC invocations=8 (full 1):
 PSYoungGen      total 27136K, used 2548K [0x00000000eab00000, 0x00000000ece00000, 0x0000000100000000)
  eden space 24576K, 0% used [0x00000000eab00000,0x00000000eab00000,0x00000000ec300000)
  from space 2560K, 99% used [0x00000000ec580000,0x00000000ec7fd1d0,0x00000000ec800000)
  to   space 5632K, 0% used [0x00000000ec880000,0x00000000ec880000,0x00000000ece00000)
 ParOldGen       total 68608K, used 12568K [0x00000000c0000000, 0x00000000c4300000, 0x00000000eab00000)
  object space 68608K, 18% used [0x00000000c0000000,0x00000000c0c463a8,0x00000000c4300000)
 Metaspace       used 27356K, committed 28032K, reserved 1114112K
  class space    used 2800K, committed 3072K, reserved 1048576K
}
Event: 11.493 GC heap before
{Heap before GC invocations=9 (full 1):
 PSYoungGen      total 27136K, used 27124K [0x00000000eab00000, 0x00000000ece00000, 0x0000000100000000)
  eden space 24576K, 100% used [0x00000000eab00000,0x00000000ec300000,0x00000000ec300000)
  from space 2560K, 99% used [0x00000000ec580000,0x00000000ec7fd1d0,0x00000000ec800000)
  to   space 5632K, 0% used [0x00000000ec880000,0x00000000ec880000,0x00000000ece00000)
 ParOldGen       total 68608K, used 12568K [0x00000000c0000000, 0x00000000c4300000, 0x00000000eab00000)
  object space 68608K, 18% used [0x00000000c0000000,0x00000000c0c463a8,0x00000000c4300000)
 Metaspace       used 30090K, committed 30720K, reserved 1114112K
  class space    used 2980K, committed 3200K, reserved 1048576K
}
Event: 11.495 GC heap after
{Heap after GC invocations=9 (full 1):
 PSYoungGen      total 27136K, used 2907K [0x00000000eab00000, 0x00000000ecb80000, 0x0000000100000000)
  eden space 24064K, 0% used [0x00000000eab00000,0x00000000eab00000,0x00000000ec280000)
  from space 3072K, 94% used [0x00000000ec880000,0x00000000ecb56ee0,0x00000000ecb80000)
  to   space 3584K, 0% used [0x00000000ec480000,0x00000000ec480000,0x00000000ec800000)
 ParOldGen       total 68608K, used 12576K [0x00000000c0000000, 0x00000000c4300000, 0x00000000eab00000)
  object space 68608K, 18% used [0x00000000c0000000,0x00000000c0c483a8,0x00000000c4300000)
 Metaspace       used 30090K, committed 30720K, reserved 1114112K
  class space    used 2980K, committed 3200K, reserved 1048576K
}
Event: 11.657 GC heap before
{Heap before GC invocations=10 (full 1):
 PSYoungGen      total 27136K, used 26971K [0x00000000eab00000, 0x00000000ecb80000, 0x0000000100000000)
  eden space 24064K, 100% used [0x00000000eab00000,0x00000000ec280000,0x00000000ec280000)
  from space 3072K, 94% used [0x00000000ec880000,0x00000000ecb56ee0,0x00000000ecb80000)
  to   space 3584K, 0% used [0x00000000ec480000,0x00000000ec480000,0x00000000ec800000)
 ParOldGen       total 68608K, used 12576K [0x00000000c0000000, 0x00000000c4300000, 0x00000000eab00000)
  object space 68608K, 18% used [0x00000000c0000000,0x00000000c0c483a8,0x00000000c4300000)
 Metaspace       used 32401K, committed 33088K, reserved 1114112K
  class space    used 3167K, committed 3456K, reserved 1048576K
}
Event: 11.658 GC heap after
{Heap after GC invocations=10 (full 1):
 PSYoungGen      total 26112K, used 2322K [0x00000000eab00000, 0x00000000ec900000, 0x0000000100000000)
  eden space 23552K, 0% used [0x00000000eab00000,0x00000000eab00000,0x00000000ec200000)
  from space 2560K, 90% used [0x00000000ec480000,0x00000000ec6c4840,0x00000000ec700000)
  to   space 2048K, 0% used [0x00000000ec700000,0x00000000ec700000,0x00000000ec900000)
 ParOldGen       total 68608K, used 13665K [0x00000000c0000000, 0x00000000c4300000, 0x00000000eab00000)
  object space 68608K, 19% used [0x00000000c0000000,0x00000000c0d58520,0x00000000c4300000)
 Metaspace       used 32401K, committed 33088K, reserved 1114112K
  class space    used 3167K, committed 3456K, reserved 1048576K
}
Event: 12.032 GC heap before
{Heap before GC invocations=11 (full 1):
 PSYoungGen      total 26112K, used 17627K [0x00000000eab00000, 0x00000000ec900000, 0x0000000100000000)
  eden space 23552K, 64% used [0x00000000eab00000,0x00000000eb9f26a8,0x00000000ec200000)
  from space 2560K, 90% used [0x00000000ec480000,0x00000000ec6c4840,0x00000000ec700000)
  to   space 2048K, 0% used [0x00000000ec700000,0x00000000ec700000,0x00000000ec900000)
 ParOldGen       total 68608K, used 13665K [0x00000000c0000000, 0x00000000c4300000, 0x00000000eab00000)
  object space 68608K, 19% used [0x00000000c0000000,0x00000000c0d58520,0x00000000c4300000)
 Metaspace       used 35059K, committed 35840K, reserved 1114112K
  class space    used 3473K, committed 3840K, reserved 1048576K
}
Event: 12.034 GC heap after
{Heap after GC invocations=11 (full 1):
 PSYoungGen      total 25088K, used 1475K [0x00000000eab00000, 0x00000000ec880000, 0x0000000100000000)
  eden space 23552K, 0% used [0x00000000eab00000,0x00000000eab00000,0x00000000ec200000)
  from space 1536K, 96% used [0x00000000ec700000,0x00000000ec870df8,0x00000000ec880000)
  to   space 2048K, 0% used [0x00000000ec480000,0x00000000ec480000,0x00000000ec680000)
 ParOldGen       total 68608K, used 15382K [0x00000000c0000000, 0x00000000c4300000, 0x00000000eab00000)
  object space 68608K, 22% used [0x00000000c0000000,0x00000000c0f05ac8,0x00000000c4300000)
 Metaspace       used 35059K, committed 35840K, reserved 1114112K
  class space    used 3473K, committed 3840K, reserved 1048576K
}
Event: 12.034 GC heap before
{Heap before GC invocations=12 (full 2):
 PSYoungGen      total 25088K, used 1475K [0x00000000eab00000, 0x00000000ec880000, 0x0000000100000000)
  eden space 23552K, 0% used [0x00000000eab00000,0x00000000eab00000,0x00000000ec200000)
  from space 1536K, 96% used [0x00000000ec700000,0x00000000ec870df8,0x00000000ec880000)
  to   space 2048K, 0% used [0x00000000ec480000,0x00000000ec480000,0x00000000ec680000)
 ParOldGen       total 68608K, used 15382K [0x00000000c0000000, 0x00000000c4300000, 0x00000000eab00000)
  object space 68608K, 22% used [0x00000000c0000000,0x00000000c0f05ac8,0x00000000c4300000)
 Metaspace       used 35059K, committed 35840K, reserved 1114112K
  class space    used 3473K, committed 3840K, reserved 1048576K
}
Event: 12.058 GC heap after
{Heap after GC invocations=12 (full 2):
 PSYoungGen      total 25088K, used 0K [0x00000000eab00000, 0x00000000ec880000, 0x0000000100000000)
  eden space 23552K, 0% used [0x00000000eab00000,0x00000000eab00000,0x00000000ec200000)
  from space 1536K, 0% used [0x00000000ec700000,0x00000000ec700000,0x00000000ec880000)
  to   space 2048K, 0% used [0x00000000ec480000,0x00000000ec480000,0x00000000ec680000)
 ParOldGen       total 68608K, used 13371K [0x00000000c0000000, 0x00000000c4300000, 0x00000000eab00000)
  object space 68608K, 19% used [0x00000000c0000000,0x00000000c0d0ed08,0x00000000c4300000)
 Metaspace       used 35059K, committed 35840K, reserved 1114112K
  class space    used 3473K, committed 3840K, reserved 1048576K
}
Event: 12.336 GC heap before
{Heap before GC invocations=13 (full 2):
 PSYoungGen      total 25088K, used 23544K [0x00000000eab00000, 0x00000000ec880000, 0x0000000100000000)
  eden space 23552K, 99% used [0x00000000eab00000,0x00000000ec1fe3e8,0x00000000ec200000)
  from space 1536K, 0% used [0x00000000ec700000,0x00000000ec700000,0x00000000ec880000)
  to   space 2048K, 0% used [0x00000000ec480000,0x00000000ec480000,0x00000000ec680000)
 ParOldGen       total 68608K, used 13371K [0x00000000c0000000, 0x00000000c4300000, 0x00000000eab00000)
  object space 68608K, 19% used [0x00000000c0000000,0x00000000c0d0ed08,0x00000000c4300000)
 Metaspace       used 38207K, committed 39040K, reserved 1114112K
  class space    used 3853K, committed 4224K, reserved 1048576K
}
Event: 12.338 GC heap after
{Heap after GC invocations=13 (full 2):
 PSYoungGen      total 24576K, used 1429K [0x00000000eab00000, 0x00000000ec780000, 0x0000000100000000)
  eden space 23040K, 0% used [0x00000000eab00000,0x00000000eab00000,0x00000000ec180000)
  from space 1536K, 93% used [0x00000000ec480000,0x00000000ec5e5650,0x00000000ec600000)
  to   space 1536K, 0% used [0x00000000ec600000,0x00000000ec600000,0x00000000ec780000)
 ParOldGen       total 68608K, used 13379K [0x00000000c0000000, 0x00000000c4300000, 0x00000000eab00000)
  object space 68608K, 19% used [0x00000000c0000000,0x00000000c0d10d08,0x00000000c4300000)
 Metaspace       used 38207K, committed 39040K, reserved 1114112K
  class space    used 3853K, committed 4224K, reserved 1048576K
}
Event: 12.578 GC heap before
{Heap before GC invocations=14 (full 2):
 PSYoungGen      total 24576K, used 24469K [0x00000000eab00000, 0x00000000ec780000, 0x0000000100000000)
  eden space 23040K, 100% used [0x00000000eab00000,0x00000000ec180000,0x00000000ec180000)
  from space 1536K, 93% used [0x00000000ec480000,0x00000000ec5e5650,0x00000000ec600000)
  to   space 1536K, 0% used [0x00000000ec600000,0x00000000ec600000,0x00000000ec780000)
 ParOldGen       total 68608K, used 13379K [0x00000000c0000000, 0x00000000c4300000, 0x00000000eab00000)
  object space 68608K, 19% used [0x00000000c0000000,0x00000000c0d10d08,0x00000000c4300000)
 Metaspace       used 41237K, committed 42048K, reserved 1114112K
  class space    used 4274K, committed 4608K, reserved 1048576K
}
Event: 12.580 GC heap after
{Heap after GC invocations=14 (full 2):
 PSYoungGen      total 23552K, used 848K [0x00000000eab00000, 0x00000000ec700000, 0x0000000100000000)
  eden space 22528K, 0% used [0x00000000eab00000,0x00000000eab00000,0x00000000ec100000)
  from space 1024K, 82% used [0x00000000ec600000,0x00000000ec6d4010,0x00000000ec700000)
  to   space 1536K, 0% used [0x00000000ec400000,0x00000000ec400000,0x00000000ec580000)
 ParOldGen       total 68608K, used 14666K [0x00000000c0000000, 0x00000000c4300000, 0x00000000eab00000)
  object space 68608K, 21% used [0x00000000c0000000,0x00000000c0e52be0,0x00000000c4300000)
 Metaspace       used 41237K, committed 42048K, reserved 1114112K
  class space    used 4274K, committed 4608K, reserved 1048576K
}
Event: 12.760 GC heap before
{Heap before GC invocations=15 (full 2):
 PSYoungGen      total 23552K, used 23376K [0x00000000eab00000, 0x00000000ec700000, 0x0000000100000000)
  eden space 22528K, 100% used [0x00000000eab00000,0x00000000ec100000,0x00000000ec100000)
  from space 1024K, 82% used [0x00000000ec600000,0x00000000ec6d4010,0x00000000ec700000)
  to   space 1536K, 0% used [0x00000000ec400000,0x00000000ec400000,0x00000000ec580000)
 ParOldGen       total 68608K, used 14666K [0x00000000c0000000, 0x00000000c4300000, 0x00000000eab00000)
  object space 68608K, 21% used [0x00000000c0000000,0x00000000c0e52be0,0x00000000c4300000)
 Metaspace       used 42592K, committed 43392K, reserved 1114112K
  class space    used 4466K, committed 4800K, reserved 1048576K
}
Event: 12.762 GC heap after
{Heap after GC invocations=15 (full 2):
 PSYoungGen      total 23552K, used 544K [0x00000000eab00000, 0x00000000ec680000, 0x0000000100000000)
  eden space 22016K, 0% used [0x00000000eab00000,0x00000000eab00000,0x00000000ec080000)
  from space 1536K, 35% used [0x00000000ec400000,0x00000000ec488000,0x00000000ec580000)
  to   space 1024K, 0% used [0x00000000ec580000,0x00000000ec580000,0x00000000ec680000)
 ParOldGen       total 68608K, used 15344K [0x00000000c0000000, 0x00000000c4300000, 0x00000000eab00000)
  object space 68608K, 22% used [0x00000000c0000000,0x00000000c0efc020,0x00000000c4300000)
 Metaspace       used 42592K, committed 43392K, reserved 1114112K
  class space    used 4466K, committed 4800K, reserved 1048576K
}
Event: 13.165 GC heap before
{Heap before GC invocations=16 (full 2):
 PSYoungGen      total 23552K, used 22560K [0x00000000eab00000, 0x00000000ec680000, 0x0000000100000000)
  eden space 22016K, 100% used [0x00000000eab00000,0x00000000ec080000,0x00000000ec080000)
  from space 1536K, 35% used [0x00000000ec400000,0x00000000ec488000,0x00000000ec580000)
  to   space 1024K, 0% used [0x00000000ec580000,0x00000000ec580000,0x00000000ec680000)
 ParOldGen       total 68608K, used 15344K [0x00000000c0000000, 0x00000000c4300000, 0x00000000eab00000)
  object space 68608K, 22% used [0x00000000c0000000,0x00000000c0efc020,0x00000000c4300000)
 Metaspace       used 45176K, committed 46080K, reserved 1114112K
  class space    used 4805K, committed 5184K, reserved 1048576K
}
Event: 13.167 GC heap after
{Heap after GC invocations=16 (full 2):
 PSYoungGen      total 23040K, used 992K [0x00000000eab00000, 0x00000000ec680000, 0x0000000100000000)
  eden space 22016K, 0% used [0x00000000eab00000,0x00000000eab00000,0x00000000ec080000)
  from space 1024K, 96% used [0x00000000ec580000,0x00000000ec678000,0x00000000ec680000)
  to   space 1536K, 0% used [0x00000000ec380000,0x00000000ec380000,0x00000000ec500000)
 ParOldGen       total 68608K, used 15792K [0x00000000c0000000, 0x00000000c4300000, 0x00000000eab00000)
  object space 68608K, 23% used [0x00000000c0000000,0x00000000c0f6c020,0x00000000c4300000)
 Metaspace       used 45176K, committed 46080K, reserved 1114112K
  class space    used 4805K, committed 5184K, reserved 1048576K
}

Dll operation events (10 events):
Event: 0.012 Loaded shared library c:\Users\pavel\.vscode\extensions\redhat.java-1.27.0-win32-x64\jre\17.0.10-win32-x86_64\bin\java.dll
Event: 0.341 Loaded shared library c:\Users\pavel\.vscode\extensions\redhat.java-1.27.0-win32-x64\jre\17.0.10-win32-x86_64\bin\zip.dll
Event: 0.346 Loaded shared library C:\Users\pavel\.vscode\extensions\redhat.java-1.27.0-win32-x64\jre\17.0.10-win32-x86_64\bin\instrument.dll
Event: 0.358 Loaded shared library C:\Users\pavel\.vscode\extensions\redhat.java-1.27.0-win32-x64\jre\17.0.10-win32-x86_64\bin\net.dll
Event: 0.363 Loaded shared library C:\Users\pavel\.vscode\extensions\redhat.java-1.27.0-win32-x64\jre\17.0.10-win32-x86_64\bin\nio.dll
Event: 0.369 Loaded shared library C:\Users\pavel\.vscode\extensions\redhat.java-1.27.0-win32-x64\jre\17.0.10-win32-x86_64\bin\zip.dll
Event: 0.403 Loaded shared library C:\Users\pavel\.vscode\extensions\redhat.java-1.27.0-win32-x64\jre\17.0.10-win32-x86_64\bin\jimage.dll
Event: 0.501 Loaded shared library c:\Users\pavel\.vscode\extensions\redhat.java-1.27.0-win32-x64\jre\17.0.10-win32-x86_64\bin\verify.dll
Event: 4.595 Loaded shared library C:\Users\pavel\AppData\Roaming\Code\User\globalStorage\redhat.java\1.27.0\config_win\org.eclipse.equinox.launcher\org.eclipse.equinox.launcher.win32.win32.x86_64_1.2.900.v20240129-1338\eclipse_11900.dll
Event: 12.001 Loaded shared library C:\Users\pavel\AppData\Local\Temp\jna-106440716\jna8817065104731413225.dll

Deoptimization events (20 events):
Event: 12.593 Thread 0x0000020e4b81a3a0 DEOPT PACKING pc=0x0000020e3c9f1db4 sp=0x00000056609fd7a0
Event: 12.593 Thread 0x0000020e4b81a3a0 DEOPT UNPACKING pc=0x0000020e3c389ea3 sp=0x00000056609fd748 mode 2
Event: 12.647 Thread 0x0000020e4b81a3a0 Uncommon trap: trap_request=0xffffff66 fr.pc=0x0000020e3ca2c5fc relative=0x00000000000000dc
Event: 12.647 Thread 0x0000020e4b81a3a0 Uncommon trap: reason=speculate_class_check action=maybe_recompile pc=0x0000020e3ca2c5fc method=java.util.regex.Pattern$CharPredicate.lambda$negate$3(I)Z @ 2 c2
Event: 12.647 Thread 0x0000020e4b81a3a0 DEOPT PACKING pc=0x0000020e3ca2c5fc sp=0x00000056609fe050
Event: 12.647 Thread 0x0000020e4b81a3a0 DEOPT UNPACKING pc=0x0000020e3c389ea3 sp=0x00000056609fdf70 mode 2
Event: 12.647 Thread 0x0000020e4b81a3a0 Uncommon trap: trap_request=0xffffff66 fr.pc=0x0000020e3ca2c5fc relative=0x00000000000000dc
Event: 12.647 Thread 0x0000020e4b81a3a0 Uncommon trap: reason=speculate_class_check action=maybe_recompile pc=0x0000020e3ca2c5fc method=java.util.regex.Pattern$CharPredicate.lambda$negate$3(I)Z @ 2 c2
Event: 12.647 Thread 0x0000020e4b81a3a0 DEOPT PACKING pc=0x0000020e3ca2c5fc sp=0x00000056609fe050
Event: 12.647 Thread 0x0000020e4b81a3a0 DEOPT UNPACKING pc=0x0000020e3c389ea3 sp=0x00000056609fdf70 mode 2
Event: 12.647 Thread 0x0000020e4b81a3a0 Uncommon trap: trap_request=0xffffff66 fr.pc=0x0000020e3ca2c5fc relative=0x00000000000000dc
Event: 12.647 Thread 0x0000020e4b81a3a0 Uncommon trap: reason=speculate_class_check action=maybe_recompile pc=0x0000020e3ca2c5fc method=java.util.regex.Pattern$CharPredicate.lambda$negate$3(I)Z @ 2 c2
Event: 12.647 Thread 0x0000020e4b81a3a0 DEOPT PACKING pc=0x0000020e3ca2c5fc sp=0x00000056609fe050
Event: 12.647 Thread 0x0000020e4b81a3a0 DEOPT UNPACKING pc=0x0000020e3c389ea3 sp=0x00000056609fdf70 mode 2
Event: 12.647 Thread 0x0000020e4b81a3a0 Uncommon trap: trap_request=0xffffff66 fr.pc=0x0000020e3ca2c5fc relative=0x00000000000000dc
Event: 12.647 Thread 0x0000020e4b81a3a0 Uncommon trap: reason=speculate_class_check action=maybe_recompile pc=0x0000020e3ca2c5fc method=java.util.regex.Pattern$CharPredicate.lambda$negate$3(I)Z @ 2 c2
Event: 12.647 Thread 0x0000020e4b81a3a0 DEOPT PACKING pc=0x0000020e3ca2c5fc sp=0x00000056609fe050
Event: 12.647 Thread 0x0000020e4b81a3a0 DEOPT UNPACKING pc=0x0000020e3c389ea3 sp=0x00000056609fdf70 mode 2
Event: 12.681 Thread 0x0000020e4b81a3a0 DEOPT PACKING pc=0x0000020e35695959 sp=0x00000056609fdfd0
Event: 12.681 Thread 0x0000020e4b81a3a0 DEOPT UNPACKING pc=0x0000020e3c38a9e3 sp=0x00000056609fd428 mode 0

Classes unloaded (7 events):
Event: 10.858 Thread 0x0000020e32217d10 Unloading class 0x0000000100248400 'java/lang/invoke/LambdaForm$MH+0x0000000100248400'
Event: 10.858 Thread 0x0000020e32217d10 Unloading class 0x0000000100248000 'java/lang/invoke/LambdaForm$MH+0x0000000100248000'
Event: 10.858 Thread 0x0000020e32217d10 Unloading class 0x0000000100247c00 'java/lang/invoke/LambdaForm$MH+0x0000000100247c00'
Event: 10.858 Thread 0x0000020e32217d10 Unloading class 0x0000000100247800 'java/lang/invoke/LambdaForm$MH+0x0000000100247800'
Event: 10.858 Thread 0x0000020e32217d10 Unloading class 0x0000000100247400 'java/lang/invoke/LambdaForm$BMH+0x0000000100247400'
Event: 10.858 Thread 0x0000020e32217d10 Unloading class 0x0000000100247000 'java/lang/invoke/LambdaForm$DMH+0x0000000100247000'
Event: 10.858 Thread 0x0000020e32217d10 Unloading class 0x0000000100244400 'java/lang/invoke/LambdaForm$DMH+0x0000000100244400'

Classes redefined (0 events):
No events

Internal exceptions (20 events):
Event: 11.650 Thread 0x0000020e4b817b20 Exception <a 'java/lang/ClassNotFoundException'{0x00000000ec1e3e38}: com/sun/org/apache/xerces/internal/impl/msg/spi/XMLSerializerMessagesProvider> (0x00000000ec1e3e38) 
thrown [s\src\hotspot\share\classfile\systemDictionary.cpp, line 256]
Event: 11.651 Thread 0x0000020e4b817b20 Exception <a 'java/lang/ClassNotFoundException'{0x00000000ec1f10c0}: com/sun/org/apache/xerces/internal/impl/msg/spi/XMLMessagesProvider> (0x00000000ec1f10c0) 
thrown [s\src\hotspot\share\classfile\systemDictionary.cpp, line 256]
Event: 11.687 Thread 0x0000020e4b817b20 Exception <a 'java/lang/NoSuchMethodError'{0x00000000ead70dd8}: 'java.lang.Object java.lang.invoke.DirectMethodHandle$Holder.invokeStaticInit(java.lang.Object, int, int, int, int)'> (0x00000000ead70dd8) 
thrown [s\src\hotspot\share\interpreter\linkResolver.cpp, line 759]
Event: 11.750 Thread 0x0000020e4b817b20 Exception <a 'java/lang/NoSuchMethodError'{0x00000000eae6ab18}: 'java.lang.Object java.lang.invoke.DirectMethodHandle$Holder.invokeStaticInit(java.lang.Object, java.lang.Object, int, int, int, int)'> (0x00000000eae6ab18) 
thrown [s\src\hotspot\share\interpreter\linkResolver.cpp, line 759]
Event: 11.800 Thread 0x0000020e4b817b20 Exception <a 'java/lang/ClassNotFoundException'{0x00000000eb23db10}: com/sun/org/apache/xml/internal/serializer/spi/XMLEntitiesProvider> (0x00000000eb23db10) 
thrown [s\src\hotspot\share\classfile\systemDictionary.cpp, line 256]
Event: 11.927 Thread 0x0000020e4b817b20 Exception <a 'java/io/FileNotFoundException'{0x00000000eb63a638}> (0x00000000eb63a638) 
thrown [s\src\hotspot\share\prims\jni.cpp, line 516]
Event: 12.026 Thread 0x0000020e4b817b20 Exception <a 'java/lang/UnsatisfiedLinkError'{0x00000000eb94ffe8}: Не найдена указанная процедура.
> (0x00000000eb94ffe8) 
thrown [s\src\hotspot\share\prims\jni.cpp, line 535]
Event: 12.028 Thread 0x0000020e4b817b20 Exception <a 'java/io/FileNotFoundException'{0x00000000eb977638}> (0x00000000eb977638) 
thrown [s\src\hotspot\share\prims\jni.cpp, line 516]
Event: 12.060 Thread 0x0000020e4b817b20 Exception <a 'java/io/FileNotFoundException'{0x00000000eab29c98}> (0x00000000eab29c98) 
thrown [s\src\hotspot\share\prims\jni.cpp, line 516]
Event: 12.066 Thread 0x0000020e4b817b20 Exception <a 'java/lang/UnsatisfiedLinkError'{0x00000000eabd99a8}: Не найдена указанная процедура.
> (0x00000000eabd99a8) 
thrown [s\src\hotspot\share\prims\jni.cpp, line 535]
Event: 12.082 Thread 0x0000020e32171d50 Exception <a 'sun/nio/fs/WindowsException'{0x00000000eacb5f40}> (0x00000000eacb5f40) 
thrown [s\src\hotspot\share\prims\jni.cpp, line 516]
Event: 12.143 Thread 0x0000020e32171d50 Exception <a 'java/lang/NoSuchMethodError'{0x00000000eb20eb98}: 'java.lang.Object java.lang.invoke.DirectMethodHandle$Holder.invokeStatic(java.lang.Object, java.lang.Object, long, java.lang.Object)'> (0x00000000eb20eb98) 
thrown [s\src\hotspot\share\interpreter\linkResolver.cpp, line 759]
Event: 12.143 Thread 0x0000020e32171d50 Exception <a 'java/lang/NoSuchMethodError'{0x00000000eb2129a8}: 'java.lang.Object java.lang.invoke.DirectMethodHandle$Holder.invokeStaticInit(java.lang.Object, java.lang.Object, long, java.lang.Object)'> (0x00000000eb2129a8) 
thrown [s\src\hotspot\share\interpreter\linkResolver.cpp, line 759]
Event: 12.143 Thread 0x0000020e32171d50 Exception <a 'java/lang/NoSuchMethodError'{0x00000000eb219228}: 'java.lang.Object java.lang.invoke.DirectMethodHandle$Holder.newInvokeSpecial(java.lang.Object, java.lang.Object, long)'> (0x00000000eb219228) 
thrown [s\src\hotspot\share\interpreter\linkResolver.cpp, line 759]
Event: 12.176 Thread 0x0000020e32171d50 Exception <a 'java/lang/NoSuchMethodError'{0x00000000eb3f5888}: 'void java.lang.invoke.DirectMethodHandle$Holder.invokeStatic(java.lang.Object, java.lang.Object, java.lang.Object, java.lang.Object)'> (0x00000000eb3f5888) 
thrown [s\src\hotspot\share\interpreter\linkResolver.cpp, line 759]
Event: 12.285 Thread 0x0000020e32171d50 Exception <a 'java/lang/NoSuchMethodError'{0x00000000ebeb8ea8}: 'void java.lang.invoke.DirectMethodHandle$Holder.invokeSpecial(java.lang.Object, java.lang.Object, java.lang.Object, java.lang.Object, java.lang.Object, java.lang.Object)'> (0x00000000ebeb8ea8) 
thrown [s\src\hotspot\share\interpreter\linkResolver.cpp, line 759]
Event: 12.286 Thread 0x0000020e32171d50 Exception <a 'java/lang/IncompatibleClassChangeError'{0x00000000ebec2c50}: Found class java.lang.Object, but interface was expected> (0x00000000ebec2c50) 
thrown [s\src\hotspot\share\interpreter\linkResolver.cpp, line 826]
Event: 12.357 Thread 0x0000020e4b81a3a0 Exception <a 'java/lang/NoSuchMethodError'{0x00000000eac63068}: 'java.lang.Object java.lang.invoke.DirectMethodHandle$Holder.invokeSpecialIFC(java.lang.Object, java.lang.Object, java.lang.Object, java.lang.Object)'> (0x00000000eac63068) 
thrown [s\src\hotspot\share\interpreter\linkResolver.cpp, line 759]
Event: 12.484 Thread 0x0000020e4b81a3a0 Exception <a 'java/lang/NoSuchMethodError'{0x00000000eb9bdf40}: 'int java.lang.invoke.DirectMethodHandle$Holder.invokeSpecialIFC(java.lang.Object, java.lang.Object, java.lang.Object, java.lang.Object, java.lang.Object)'> (0x00000000eb9bdf40) 
thrown [s\src\hotspot\share\interpreter\linkResolver.cpp, line 759]
Event: 12.561 Thread 0x0000020e4b81a3a0 Exception <a 'java/lang/NoClassDefFoundError'{0x00000000ec05aa00}: javax/enterprise/inject/Typed> (0x00000000ec05aa00) 
thrown [s\src\hotspot\share\classfile\systemDictionary.cpp, line 245]

VM Operations (20 events):
Event: 12.032 Executing VM operation: CollectForMetadataAllocation
Event: 12.058 Executing VM operation: CollectForMetadataAllocation done
Event: 12.304 Executing VM operation: HandshakeAllThreads
Event: 12.316 Executing VM operation: HandshakeAllThreads done
Event: 12.336 Executing VM operation: ParallelGCFailedAllocation
Event: 12.340 Executing VM operation: ParallelGCFailedAllocation done
Event: 12.373 Executing VM operation: HandshakeAllThreads
Event: 12.373 Executing VM operation: HandshakeAllThreads done
Event: 12.550 Executing VM operation: HandshakeAllThreads
Event: 12.550 Executing VM operation: HandshakeAllThreads done
Event: 12.577 Executing VM operation: ParallelGCFailedAllocation
Event: 12.580 Executing VM operation: ParallelGCFailedAllocation done
Event: 12.760 Executing VM operation: ParallelGCFailedAllocation
Event: 12.762 Executing VM operation: ParallelGCFailedAllocation done
Event: 12.810 Executing VM operation: HandshakeAllThreads
Event: 12.810 Executing VM operation: HandshakeAllThreads done
Event: 13.056 Executing VM operation: HandshakeAllThreads
Event: 13.056 Executing VM operation: HandshakeAllThreads done
Event: 13.165 Executing VM operation: ParallelGCFailedAllocation
Event: 13.167 Executing VM operation: ParallelGCFailedAllocation done

Events (20 events):
Event: 12.773 loading class sun/reflect/annotation/AnnotatedTypeFactory$AnnotatedParameterizedTypeImpl
Event: 12.773 loading class java/lang/reflect/AnnotatedParameterizedType
Event: 12.773 loading class java/lang/reflect/AnnotatedParameterizedType done
Event: 12.773 loading class sun/reflect/annotation/AnnotatedTypeFactory$AnnotatedParameterizedTypeImpl done
Event: 12.847 loading class java/util/concurrent/CompletionService
Event: 12.848 loading class java/util/concurrent/CompletionService done
Event: 12.991 loading class sun/reflect/generics/scope/ConstructorScope
Event: 12.991 loading class sun/reflect/generics/scope/ConstructorScope done
Event: 12.991 loading class sun/reflect/generics/tree/VoidDescriptor
Event: 12.991 loading class sun/reflect/generics/tree/VoidDescriptor done
Event: 13.094 loading class java/nio/channels/SocketChannel
Event: 13.094 loading class java/nio/channels/NetworkChannel
Event: 13.094 loading class java/nio/channels/NetworkChannel done
Event: 13.094 loading class java/nio/channels/spi/AbstractSelectableChannel
Event: 13.094 loading class java/nio/channels/spi/AbstractSelectableChannel done
Event: 13.094 loading class java/nio/channels/SocketChannel done
Event: 13.094 loading class java/nio/channels/ServerSocketChannel
Event: 13.095 loading class java/nio/channels/ServerSocketChannel done
Event: 13.146 loading class java/io/UncheckedIOException
Event: 13.146 loading class java/io/UncheckedIOException done


Dynamic libraries:
0x00007ff6212d0000 - 0x00007ff6212de000 	c:\Users\pavel\.vscode\extensions\redhat.java-1.27.0-win32-x64\jre\17.0.10-win32-x86_64\bin\java.exe
0x00007ffa95f50000 - 0x00007ffa96167000 	C:\WINDOWS\SYSTEM32\ntdll.dll
0x00007ffa94f50000 - 0x00007ffa95014000 	C:\WINDOWS\System32\KERNEL32.DLL
0x00007ffa935d0000 - 0x00007ffa93976000 	C:\WINDOWS\System32\KERNELBASE.dll
0x00007ffa934b0000 - 0x00007ffa935c1000 	C:\WINDOWS\System32\ucrtbase.dll
0x00007ffa8cb90000 - 0x00007ffa8cba7000 	c:\Users\pavel\.vscode\extensions\redhat.java-1.27.0-win32-x64\jre\17.0.10-win32-x86_64\bin\jli.dll
0x00007ffa94cf0000 - 0x00007ffa94e9e000 	C:\WINDOWS\System32\USER32.dll
0x00007ffa93a40000 - 0x00007ffa93a66000 	C:\WINDOWS\System32\win32u.dll
0x00007ffa95ee0000 - 0x00007ffa95f09000 	C:\WINDOWS\System32\GDI32.dll
0x00007ffa93b80000 - 0x00007ffa93c98000 	C:\WINDOWS\System32\gdi32full.dll
0x00007ffa93ae0000 - 0x00007ffa93b7a000 	C:\WINDOWS\System32\msvcp_win.dll
0x00007ffa89d60000 - 0x00007ffa89d7b000 	c:\Users\pavel\.vscode\extensions\redhat.java-1.27.0-win32-x64\jre\17.0.10-win32-x86_64\bin\VCRUNTIME140.dll
0x00007ffa7d290000 - 0x00007ffa7d523000 	C:\WINDOWS\WinSxS\amd64_microsoft.windows.common-controls_6595b64144ccf1df_6.0.22621.2506_none_270c5ae97388e100\COMCTL32.dll
0x00007ffa95080000 - 0x00007ffa95127000 	C:\WINDOWS\System32\msvcrt.dll
0x00007ffa952b0000 - 0x00007ffa952e1000 	C:\WINDOWS\System32\IMM32.DLL
0x00007ffa8dfc0000 - 0x00007ffa8dfcc000 	c:\Users\pavel\.vscode\extensions\redhat.java-1.27.0-win32-x64\jre\17.0.10-win32-x86_64\bin\vcruntime140_1.dll
0x00007ffa5bd40000 - 0x00007ffa5bdcd000 	c:\Users\pavel\.vscode\extensions\redhat.java-1.27.0-win32-x64\jre\17.0.10-win32-x86_64\bin\msvcp140.dll
0x00007ffa22cc0000 - 0x00007ffa23922000 	c:\Users\pavel\.vscode\extensions\redhat.java-1.27.0-win32-x64\jre\17.0.10-win32-x86_64\bin\server\jvm.dll
0x00007ffa94b10000 - 0x00007ffa94bc3000 	C:\WINDOWS\System32\ADVAPI32.dll
0x00007ffa94170000 - 0x00007ffa94218000 	C:\WINDOWS\System32\sechost.dll
0x00007ffa93400000 - 0x00007ffa93428000 	C:\WINDOWS\System32\bcrypt.dll
0x00007ffa94bd0000 - 0x00007ffa94ce7000 	C:\WINDOWS\System32\RPCRT4.dll
0x00007ffa920e0000 - 0x00007ffa9212d000 	C:\WINDOWS\SYSTEM32\POWRPROF.dll
0x00007ffa8a290000 - 0x00007ffa8a299000 	C:\WINDOWS\SYSTEM32\WSOCK32.dll
0x00007ffa94220000 - 0x00007ffa94291000 	C:\WINDOWS\System32\WS2_32.dll
0x00007ffa8fce0000 - 0x00007ffa8fd14000 	C:\WINDOWS\SYSTEM32\WINMM.dll
0x00007ffa8cb60000 - 0x00007ffa8cb6a000 	C:\WINDOWS\SYSTEM32\VERSION.dll
0x00007ffa920c0000 - 0x00007ffa920d3000 	C:\WINDOWS\SYSTEM32\UMPDC.dll
0x00007ffa92390000 - 0x00007ffa923a8000 	C:\WINDOWS\SYSTEM32\kernel.appcore.dll
0x00007ffa84790000 - 0x00007ffa8479a000 	c:\Users\pavel\.vscode\extensions\redhat.java-1.27.0-win32-x64\jre\17.0.10-win32-x86_64\bin\jimage.dll
0x00007ffa90a10000 - 0x00007ffa90c43000 	C:\WINDOWS\SYSTEM32\DBGHELP.DLL
0x00007ffa952f0000 - 0x00007ffa95679000 	C:\WINDOWS\System32\combase.dll
0x00007ffa95690000 - 0x00007ffa95767000 	C:\WINDOWS\System32\OLEAUT32.dll
0x00007ffa6a6a0000 - 0x00007ffa6a6d2000 	C:\WINDOWS\SYSTEM32\dbgcore.DLL
0x00007ffa93430000 - 0x00007ffa934aa000 	C:\WINDOWS\System32\bcryptPrimitives.dll
0x00007ffa842c0000 - 0x00007ffa842ce000 	c:\Users\pavel\.vscode\extensions\redhat.java-1.27.0-win32-x64\jre\17.0.10-win32-x86_64\bin\instrument.dll
0x00007ffa7ce10000 - 0x00007ffa7ce35000 	c:\Users\pavel\.vscode\extensions\redhat.java-1.27.0-win32-x64\jre\17.0.10-win32-x86_64\bin\java.dll
0x00007ffa7d250000 - 0x00007ffa7d268000 	c:\Users\pavel\.vscode\extensions\redhat.java-1.27.0-win32-x64\jre\17.0.10-win32-x86_64\bin\zip.dll
0x00007ffa942a0000 - 0x00007ffa94afa000 	C:\WINDOWS\System32\SHELL32.dll
0x00007ffa911a0000 - 0x00007ffa91a96000 	C:\WINDOWS\SYSTEM32\windows.storage.dll
0x00007ffa91060000 - 0x00007ffa9119e000 	C:\WINDOWS\SYSTEM32\wintypes.dll
0x00007ffa95130000 - 0x00007ffa95223000 	C:\WINDOWS\System32\SHCORE.dll
0x00007ffa95e80000 - 0x00007ffa95ede000 	C:\WINDOWS\System32\shlwapi.dll
0x00007ffa931c0000 - 0x00007ffa931e6000 	C:\WINDOWS\SYSTEM32\profapi.dll
0x00007ffa7c460000 - 0x00007ffa7c479000 	C:\Users\pavel\.vscode\extensions\redhat.java-1.27.0-win32-x64\jre\17.0.10-win32-x86_64\bin\net.dll
0x00007ffa8c780000 - 0x00007ffa8c8b7000 	C:\WINDOWS\SYSTEM32\WINHTTP.dll
0x00007ffa92830000 - 0x00007ffa92899000 	C:\WINDOWS\system32\mswsock.dll
0x00007ffa7c3e0000 - 0x00007ffa7c3f6000 	C:\Users\pavel\.vscode\extensions\redhat.java-1.27.0-win32-x64\jre\17.0.10-win32-x86_64\bin\nio.dll
0x00007ffa83960000 - 0x00007ffa83970000 	c:\Users\pavel\.vscode\extensions\redhat.java-1.27.0-win32-x64\jre\17.0.10-win32-x86_64\bin\verify.dll
0x00007ffa75e50000 - 0x00007ffa75e8e000 	C:\Users\pavel\AppData\Roaming\Code\User\globalStorage\redhat.java\1.27.0\config_win\org.eclipse.equinox.launcher\org.eclipse.equinox.launcher.win32.win32.x86_64_1.2.900.v20240129-1338\eclipse_11900.dll
0x00007ffa95770000 - 0x00007ffa95910000 	C:\WINDOWS\System32\ole32.dll
0x00007ffa92a80000 - 0x00007ffa92a9b000 	C:\WINDOWS\SYSTEM32\CRYPTSP.dll
0x00007ffa922e0000 - 0x00007ffa92315000 	C:\WINDOWS\system32\rsaenh.dll
0x00007ffa92920000 - 0x00007ffa9294c000 	C:\WINDOWS\SYSTEM32\USERENV.dll
0x00007ffa92aa0000 - 0x00007ffa92aac000 	C:\WINDOWS\SYSTEM32\CRYPTBASE.dll
0x00007ffa91d70000 - 0x00007ffa91d9d000 	C:\WINDOWS\SYSTEM32\IPHLPAPI.DLL
0x00007ffa93ca0000 - 0x00007ffa93ca9000 	C:\WINDOWS\System32\NSI.dll
0x00007ffa89970000 - 0x00007ffa89989000 	C:\WINDOWS\SYSTEM32\dhcpcsvc6.DLL
0x00007ffa89950000 - 0x00007ffa8996f000 	C:\WINDOWS\SYSTEM32\dhcpcsvc.DLL
0x00007ffa91de0000 - 0x00007ffa91ed9000 	C:\WINDOWS\SYSTEM32\DNSAPI.dll
0x00007ffa705c0000 - 0x00007ffa70605000 	C:\Users\pavel\AppData\Local\Temp\jna-106440716\jna8817065104731413225.dll
0x00007ffa95680000 - 0x00007ffa95688000 	C:\WINDOWS\System32\PSAPI.DLL

dbghelp: loaded successfully - version: 4.0.5 - missing functions: none
symbol engine: initialized successfully - sym options: 0x614 - pdb path: .;c:\Users\pavel\.vscode\extensions\redhat.java-1.27.0-win32-x64\jre\17.0.10-win32-x86_64\bin;C:\WINDOWS\SYSTEM32;C:\WINDOWS\WinSxS\amd64_microsoft.windows.common-controls_6595b64144ccf1df_6.0.22621.2506_none_270c5ae97388e100;c:\Users\pavel\.vscode\extensions\redhat.java-1.27.0-win32-x64\jre\17.0.10-win32-x86_64\bin\server;C:\Users\pavel\AppData\Roaming\Code\User\globalStorage\redhat.java\1.27.0\config_win\org.eclipse.equinox.launcher\org.eclipse.equinox.launcher.win32.win32.x86_64_1.2.900.v20240129-1338;C:\Users\pavel\AppData\Local\Temp\jna-106440716

VM Arguments:
jvm_args: --add-modules=ALL-SYSTEM --add-opens=java.base/java.util=ALL-UNNAMED --add-opens=java.base/java.lang=ALL-UNNAMED --add-opens=java.base/sun.nio.fs=ALL-UNNAMED -Declipse.application=org.eclipse.jdt.ls.core.id1 -Dosgi.bundles.defaultStartLevel=4 -Declipse.product=org.eclipse.jdt.ls.core.product -Djava.import.generatesMetadataFilesAtProjectRoot=false -DDetectVMInstallationsJob.disabled=true -Dfile.encoding=utf8 -XX:+UseParallelGC -XX:GCTimeRatio=4 -XX:AdaptiveSizePolicyWeight=90 -Dsun.zip.disableMemoryMapping=true -Xmx1G -Xms100m -Xlog:disable -javaagent:c:\Users\pavel\.vscode\extensions\redhat.java-1.27.0-win32-x64\lombok\lombok-1.18.31.jar -XX:+HeapDumpOnOutOfMemoryError -XX:HeapDumpPath=c:\Users\pavel\AppData\Roaming\Code\User\workspaceStorage\14819accb8c3994c98dd72497a410878\redhat.java -Daether.dependencyCollector.impl=bf 
java_command: c:\Users\pavel\.vscode\extensions\redhat.java-1.27.0-win32-x64\server\plugins\org.eclipse.equinox.launcher_1.6.700.v20231214-2017.jar -configuration c:\Users\pavel\AppData\Roaming\Code\User\globalStorage\redhat.java\1.27.0\config_win -data c:\Users\pavel\AppData\Roaming\Code\User\workspaceStorage\14819accb8c3994c98dd72497a410878\redhat.java\jdt_ws --stdio
java_class_path (initial): c:\Users\pavel\.vscode\extensions\redhat.java-1.27.0-win32-x64\server\plugins\org.eclipse.equinox.launcher_1.6.700.v20231214-2017.jar
Launcher Type: SUN_STANDARD

[Global flags]
    uintx AdaptiveSizePolicyWeight                 = 90                                        {product} {command line}
     intx CICompilerCount                          = 3                                         {product} {ergonomic}
    uintx GCTimeRatio                              = 4                                         {product} {command line}
     bool HeapDumpOnOutOfMemoryError               = true                                   {manageable} {command line}
    ccstr HeapDumpPath                             = c:\Users\pavel\AppData\Roaming\Code\User\workspaceStorage\14819accb8c3994c98dd72497a410878\redhat.java         {manageable} {command line}
   size_t InitialHeapSize                          = 104857600                                 {product} {command line}
   size_t MaxHeapSize                              = 1073741824                                {product} {command line}
   size_t MaxNewSize                               = 357564416                                 {product} {ergonomic}
   size_t MinHeapDeltaBytes                        = 524288                                    {product} {ergonomic}
   size_t MinHeapSize                              = 104857600                                 {product} {command line}
   size_t NewSize                                  = 34603008                                  {product} {ergonomic}
    uintx NonNMethodCodeHeapSize                   = 5832780                                {pd product} {ergonomic}
    uintx NonProfiledCodeHeapSize                  = 122912730                              {pd product} {ergonomic}
   size_t OldSize                                  = 70254592                                  {product} {ergonomic}
    uintx ProfiledCodeHeapSize                     = 122912730                              {pd product} {ergonomic}
    uintx ReservedCodeCacheSize                    = 251658240                              {pd product} {ergonomic}
     bool SegmentedCodeCache                       = true                                      {product} {ergonomic}
   size_t SoftMaxHeapSize                          = 1073741824                             {manageable} {ergonomic}
     bool UseCompressedClassPointers               = true                           {product lp64_product} {ergonomic}
     bool UseCompressedOops                        = true                           {product lp64_product} {ergonomic}
     bool UseLargePagesIndividualAllocation        = false                                  {pd product} {ergonomic}
     bool UseParallelGC                            = true                                      {product} {command line}

Logging:
Log output configuration:
 #0: stdout all=off uptime,level,tags
 #1: stderr all=off uptime,level,tags

Environment Variables:
PATH=C:\Program Files\Common Files\Oracle\Java\javapath;C:\Program Files (x86)\Common Files\Intel\Shared Files\cpp\bin\Intel64;C:\WINDOWS\system32;C:\WINDOWS;C:\WINDOWS\System32\Wbem;C:\WINDOWS\System32\WindowsPowerShell\v1.0\;C:\WINDOWS\System32\OpenSSH\;C:\Program Files\Git\cmd;C:\Program Files\dotnet\;C:\Users\pavel\AppData\Local\Programs\Python\Launcher\;C:\Users\pavel\AppData\Local\Microsoft\WindowsApps;;C:\Users\pavel\AppData\Local\Programs\Microsoft VS Code\bin;C:\Users\pavel\.dotnet\tools;C:\Users\pavel\PyCharm Community Edition 2023.3.1\bin;
USERNAME=pavel
OS=Windows_NT
PROCESSOR_IDENTIFIER=Intel64 Family 6 Model 140 Stepping 1, GenuineIntel
TMP=C:\Users\pavel\AppData\Local\Temp
TEMP=C:\Users\pavel\AppData\Local\Temp



Periodic native trim disabled


---------------  S Y S T E M  ---------------

OS:
 Windows 11 , 64 bit Build 22621 (10.0.22621.2506)
OS uptime: 12 days 6:42 hours
Hyper-V role detected

CPU: total 4 (initial active 4) (2 cores per cpu, 2 threads per core) family 6 model 140 stepping 1 microcode 0x8a, cx8, cmov, fxsr, ht, mmx, 3dnowpref, sse, sse2, sse3, ssse3, sse4.1, sse4.2, popcnt, lzcnt, tsc, tscinvbit, avx, avx2, aes, erms, clmul, bmi1, bmi2, adx, avx512f, avx512dq, avx512cd, avx512bw, avx512vl, sha, fma, vzeroupper, avx512_vpopcntdq, avx512_vpclmulqdq, avx512_vaes, avx512_vnni, clflush, clflushopt, clwb, avx512_vbmi2, avx512_vbmi, hv
Processor Information for all 4 processors :
  Max Mhz: 2995, Current Mhz: 2995, Mhz Limit: 2995

Memory: 4k page, system-wide physical 7991M (1256M free)
TotalPageFile size 23351M (AvailPageFile size 7M)
current process WorkingSet (physical memory assigned to process): 205M, peak: 207M
current process commit charge ("private bytes"): 290M, peak: 292M

vm_info: OpenJDK 64-Bit Server VM (17.0.10+7) for windows-amd64 JRE (17.0.10+7), built on Jan 16 2024 23:25:11 by "admin" with MS VC++ 16.10 / 16.11 (VS2019)

END.
